::ffff:127.0.0.1 - - [03/Aug/2023:07:40:11 +0000] "GET /api-docs/ HTTP/1.1" 404 18
::ffff:127.0.0.1 - - [03/Aug/2023:07:40:11 +0000] "GET /favicon.ico HTTP/1.1" 404 18
::1 - - [03/Aug/2023:07:43:08 +0000] "POST /users/register HTTP/1.1" 400 41
::1 - - [03/Aug/2023:07:43:10 +0000] "GET /api/movies?title=a HTTP/1.1" 200 942
::1 - - [04/Aug/2023:07:48:39 +0000] "POST /users/register HTTP/1.1" 400 42
::1 - - [04/Aug/2023:07:48:43 +0000] "POST /users/register HTTP/1.1" 400 42
::1 - - [04/Aug/2023:07:50:36 +0000] "POST /users/register HTTP/1.1" 400 42
::1 - - [04/Aug/2023:07:51:45 +0000] "POST /users/register HTTP/1.1" 400 42
::1 - - [04/Aug/2023:07:51:47 +0000] "POST /users/register HTTP/1.1" 400 42
::1 - - [04/Aug/2023:07:55:41 +0000] "POST /users/login HTTP/1.1" 400 37
::1 - - [04/Aug/2023:07:56:03 +0000] "POST /users/register HTTP/1.1" 400 39
::1 - - [04/Aug/2023:07:56:04 +0000] "POST /users/register HTTP/1.1" 400 39
::1 - - [04/Aug/2023:08:03:10 +0000] "POST /users/register HTTP/1.1" 400 39
::1 - - [04/Aug/2023:08:07:15 +0000] "POST /users/register HTTP/1.1" 200 130
::1 - - [04/Aug/2023:08:07:17 +0000] "POST /users/register HTTP/1.1" 400 41
::1 - - [04/Aug/2023:08:08:37 +0000] "POST /users/login HTTP/1.1" 200 200
::1 - - [04/Aug/2023:08:08:39 +0000] "POST /users/login HTTP/1.1" 200 200
::1 - - [04/Aug/2023:08:10:20 +0000] "GET /api/movies/ HTTP/1.1" 200 933
::1 - - [04/Aug/2023:08:10:29 +0000] "GET /api/movies/?page=2 HTTP/1.1" 200 863
::1 - - [04/Aug/2023:16:35:38 +0000] "POST /users HTTP/1.1" 500 22
::1 - - [04/Aug/2023:16:35:40 +0000] "POST /users HTTP/1.1" 500 22
::1 - - [04/Aug/2023:16:37:31 +0000] "POST /users HTTP/1.1" 404 18
::1 - - [04/Aug/2023:16:37:34 +0000] "POST /users HTTP/1.1" 404 18
::1 - - [04/Aug/2023:16:38:36 +0000] "GET /users HTTP/1.1" 200 1092
::1 - - [04/Aug/2023:16:38:38 +0000] "GET /users HTTP/1.1" 304 -
::1 - - [04/Aug/2023:17:00:40 +0000] "POST /users/register HTTP/1.1" 400 41
::1 - - [04/Aug/2023:17:00:41 +0000] "POST /users/register HTTP/1.1" 400 41
::1 - - [04/Aug/2023:17:01:05 +0000] "DELETE /users?id=123 HTTP/1.1" 400 39
::1 - - [04/Aug/2023:17:01:09 +0000] "DELETE /users?id=123 HTTP/1.1" 400 39
::1 - - [04/Aug/2023:17:02:20 +0000] "DELETE /users?id=123 HTTP/1.1" 200 140
::1 - - [04/Aug/2023:17:02:58 +0000] "POST /users/register HTTP/1.1" 200 145
::1 - - [04/Aug/2023:17:03:40 +0000] "POST /users/register HTTP/1.1" 200 137
::1 - - [04/Aug/2023:17:06:59 +0000] "DELETE /users?id=303 HTTP/1.1" 200 121
::1 - - [04/Aug/2023:17:07:08 +0000] "POST /users/register HTTP/1.1" 200 142
::1 - - [04/Aug/2023:17:07:30 +0000] "PUT /users?id=303 HTTP/1.1" 400 37
::1 - - [04/Aug/2023:17:09:07 +0000] "GET /users?id=303 HTTP/1.1" 200 31
::1 - - [04/Aug/2023:17:09:09 +0000] "GET /users?id=303 HTTP/1.1" 304 -
::1 - - [04/Aug/2023:17:09:26 +0000] "GET /users?id=304 HTTP/1.1" 200 124
::1 - - [04/Aug/2023:17:09:37 +0000] "PUT /users?id=304 HTTP/1.1" 200 139
::1 - - [04/Aug/2023:17:09:47 +0000] "DELETE /users?id=304 HTTP/1.1" 200 126
